make all --print-data-base --no-builtin-variables --no-builtin-rules --question
# GNU Make 3.82
# Built for x86_64-redhat-linux-gnu
# Copyright (C) 2010  Free Software Foundation, Inc.
# License GPLv3+: GNU GPL version 3 or later <http://gnu.org/licenses/gpl.html>
# This is free software: you are free to change and redistribute it.
# There is NO WARRANTY, to the extent permitted by law.

# Make data base, printed on Tue Aug  2 17:35:53 2022

# Variables

# automatic
<D = $(patsubst %/,%,$(dir $<))
# automatic
?F = $(notdir $?)
# default
.SHELLFLAGS := -c
# environment
VSCODE_AGENT_FOLDER = /home/xiaoawei/.vscode-server
# automatic
?D = $(patsubst %/,%,$(dir $?))
# automatic
@D = $(patsubst %/,%,$(dir $@))
# automatic
@F = $(notdir $@)
# default
MAKE_VERSION := 3.82
# makefile
CURDIR := /home/xiaoawei/online_judge
# makefile
SHELL = /bin/sh
# environment
VSCODE_NLS_CONFIG = {"locale":"zh-cn","availableLanguages":{"*":"zh-cn"},"_languagePackId":"1d735750dbb1b9066c7513078396ba0f.zh-cn","_translationsConfigFile":"/home/xiaoawei/.vscode-server/data/clp/1d735750dbb1b9066c7513078396ba0f.zh-cn/tcf.json","_cacheRoot":"/home/xiaoawei/.vscode-server/data/clp/1d735750dbb1b9066c7513078396ba0f.zh-cn","_resolvedLanguagePackCoreLocation":"/home/xiaoawei/.vscode-server/data/clp/1d735750dbb1b9066c7513078396ba0f.zh-cn/3b889b090b5ad5793f524b5d1d39fda662b96a2a","_corruptedFile":"/home/xiaoawei/.vscode-server/data/clp/1d735750dbb1b9066c7513078396ba0f.zh-cn/corrupted.info","_languagePackSupport":true}
# environment
_ = /usr/bin/make
# makefile
MAKEFILE_LIST := 
# environment
INFOPATH = /opt/rh/devtoolset-8/root/usr/share/info:/opt/rh/devtoolset-8/root/usr/share/info
# environment
PCP_DIR = /opt/rh/devtoolset-8/root
# environment
LESSOPEN = ||/usr/bin/lesspipe.sh %s
# environment
VSCODE_CWD = /home/xiaoawei
# environment
SSH_CONNECTION = 60.22.112.215 39877 10.0.24.10 22
# environment
PATH = /home/xiaoawei/.vscode-server/bin/3b889b090b5ad5793f524b5d1d39fda662b96a2a/bin/remote-cli:/opt/rh/devtoolset-8/root/usr/bin:/opt/rh/devtoolset-8/root/usr/bin:/usr/local/bin:/usr/bin:/usr/local/sbin:/usr/sbin:/home/xiaoawei/.local/bin:/home/xiaoawei/bin
# environment
XDG_RUNTIME_DIR = /run/user/1001
# environment
ELECTRON_RUN_AS_NODE = 1
# default
.FEATURES := target-specific order-only second-expansion else-if shortest-stem undefine oneshell archives jobserver check-symlink
# automatic
%F = $(notdir $%)
# environment
PWD = /home/xiaoawei/online_judge
# environment
VSCODE_IPC_HOOK_CLI = /run/user/1001/vscode-ipc-58a97144-f759-4fb5-bc43-f6bf7e7599da.sock
# automatic
*D = $(patsubst %/,%,$(dir $*))
# environment
PKG_CONFIG_PATH = /opt/rh/devtoolset-8/root/usr/lib64/pkgconfig:/opt/rh/devtoolset-8/root/usr/lib64/pkgconfig
# environment
HISTTIMEFORMAT = %F %T 
# environment
MANPATH = /opt/rh/devtoolset-8/root/usr/share/man:/opt/rh/devtoolset-8/root/usr/share/man:
# environment
VSCODE_AMD_ENTRYPOINT = vs/workbench/api/node/extensionHostProcess
# environment
HOME = /home/xiaoawei
# environment
LD_LIBRARY_PATH = /opt/rh/devtoolset-8/root/usr/lib64:/opt/rh/devtoolset-8/root/usr/lib:/opt/rh/devtoolset-8/root/usr/lib64/dyninst:/opt/rh/devtoolset-8/root/usr/lib/dyninst:/opt/rh/devtoolset-8/root/usr/lib64:/opt/rh/devtoolset-8/root/usr/lib:/opt/rh/devtoolset-8/root/usr/lib64:/opt/rh/devtoolset-8/root/usr/lib:/opt/rh/devtoolset-8/root/usr/lib64/dyninst:/opt/rh/devtoolset-8/root/usr/lib/dyninst:/opt/rh/devtoolset-8/root/usr/lib64:/opt/rh/devtoolset-8/root/usr/lib:/home/xiaoawei/.VimForCpp/vim/bundle/YCM.so/el7.x86_64:/home/xiaoawei/.VimForCpp/vim/bundle/YCM.so/el7.x86_64
# environment
PERL5LIB = /opt/rh/devtoolset-8/root//usr/lib64/perl5/vendor_perl:/opt/rh/devtoolset-8/root/usr/lib/perl5:/opt/rh/devtoolset-8/root//usr/share/perl5/vendor_perl:/opt/rh/devtoolset-8/root//usr/lib64/perl5/vendor_perl:/opt/rh/devtoolset-8/root/usr/lib/perl5:/opt/rh/devtoolset-8/root//usr/share/perl5/vendor_perl
# environment
LOGNAME = xiaoawei
# environment
APPLICATION_INSIGHTS_NO_DIAGNOSTIC_CHANNEL = true
# automatic
+F = $(notdir $+)
# environment
VSCODE_HANDLES_UNCAUGHT_ERRORS = true
# automatic
^D = $(patsubst %/,%,$(dir $^))
# environment
HOSTNAME = VM-24-10-centos
# environment
MAKELEVEL := 0
# default
MAKE = $(MAKE_COMMAND)
# default
MAKECMDGOALS := all
# environment
SHLVL = 5
# environment
XDG_SESSION_ID = 384348
# environment
USER = xiaoawei
# makefile
.DEFAULT_GOAL := 
# automatic
%D = $(patsubst %/,%,$(dir $%))
# default
MAKE_COMMAND := make
# default
.VARIABLES := 
# automatic
*F = $(notdir $*)
# environment
PYTHONPATH = /opt/rh/devtoolset-8/root/usr/lib64/python2.7/site-packages:/opt/rh/devtoolset-8/root/usr/lib/python2.7/site-packages:/opt/rh/devtoolset-8/root/usr/lib64/python2.7/site-packages:/opt/rh/devtoolset-8/root/usr/lib/python2.7/site-packages
# makefile
MAKEFLAGS = Rrqp
# environment
MFLAGS = -Rrqp
# environment
SSH_CLIENT = 60.22.112.215 39877 22
# environment
MAIL = /var/spool/mail/xiaoawei
# automatic
+D = $(patsubst %/,%,$(dir $+))
# environment
BROWSER = /home/xiaoawei/.vscode-server/bin/3b889b090b5ad5793f524b5d1d39fda662b96a2a/bin/helpers/browser.sh
# environment
VSCODE_HANDLES_SIGPIPE = true
# default
MAKEFILES := 
# environment
PROMPT_COMMAND = history -a; history -a; history -a; history -a; 
# automatic
<F = $(notdir $<)
# environment
LC_ALL = C
# automatic
^F = $(notdir $^)
# default
SUFFIXES := 
# environment
HISTSIZE = 3000
# default
.INCLUDE_DIRS = /usr/include /usr/local/include /usr/include
# default
.RECIPEPREFIX := 
# environment
LANG = C
# variable set hash-table stats:
# Load=68/1024=7%, Rehash=0, Collisions=7/87=8%

# Pattern-specific Variable Values

# No pattern-specific variable values.

# Directories

# . (device 64769, inode 1182433): 11 files, no impossibilities.

# 11 files, no impossibilities in 1 directories.

# Implicit Rules

# No implicit rules.

# Files

# Not a target:
all:
#  Command line target.
#  Implicit rule search has been done.
#  File does not exist.
#  File has not been updated.

# Not a target:
.SUFFIXES:
#  Implicit rule search has not been done.
#  Modification time never checked.
#  File has not been updated.

# Not a target:
Makefile:
#  Implicit rule search has been done.
#  File does not exist.
#  File has been updated.
#  Failed to be updated.

# Not a target:
makefile:
#  Implicit rule search has been done.
#  File does not exist.
#  File has been updated.
#  Failed to be updated.

# Not a target:
.DEFAULT:
#  Implicit rule search has not been done.
#  Modification time never checked.
#  File has not been updated.

# Not a target:
GNUmakefile:
#  Implicit rule search has been done.
#  File does not exist.
#  File has been updated.
#  Failed to be updated.

# files hash-table stats:
# Load=6/1024=1%, Rehash=0, Collisions=0/15=0%
# VPATH Search Paths

# No `vpath' search paths.

# No general (`VPATH' variable) search path.

# # of strings in strcache: 0 / lookups = 22 / hits = 22
# # of strcache buffers: 1 (* 8176 B/buffer = 8176 B)
# strcache used: total = 0 (180) / max = 0 / min = 8176 / avg = 0
# strcache free: total = 0 (7996) / max = 0 / min = 8176 / avg = 0

# strcache hash-table stats:
# Load=19/8192=0%, Rehash=0, Collisions=1/22=5%
# Finished Make data base on Tue Aug  2 17:35:53 2022

 
make: *** No rule to make target `all'.  Stop.

