make all --print-data-base --no-builtin-variables --no-builtin-rules --question
# GNU Make 3.82
# Built for x86_64-redhat-linux-gnu
# Copyright (C) 2010  Free Software Foundation, Inc.
# License GPLv3+: GNU GPL version 3 or later <http://gnu.org/licenses/gpl.html>
# This is free software: you are free to change and redistribute it.
# There is NO WARRANTY, to the extent permitted by law.

# Make data base, printed on Sat Jul 30 20:07:26 2022

# Variables

# automatic
<D = $(patsubst %/,%,$(dir $<))
# automatic
?F = $(notdir $?)
# default
.SHELLFLAGS := -c
# environment
VSCODE_AGENT_FOLDER = /home/xiaoawei/.vscode-server
# automatic
?D = $(patsubst %/,%,$(dir $?))
# automatic
@D = $(patsubst %/,%,$(dir $@))
# automatic
@F = $(notdir $@)
# default
MAKE_VERSION := 3.82
# makefile
CURDIR := /home/xiaoawei/online_judge/oj_server
# makefile
SHELL = /bin/sh
# environment
VSCODE_NLS_CONFIG = {"locale":"zh-cn","availableLanguages":{"*":"zh-cn"},"_languagePackId":"1d735750dbb1b9066c7513078396ba0f.zh-cn","_translationsConfigFile":"/home/xiaoawei/.vscode-server/data/clp/1d735750dbb1b9066c7513078396ba0f.zh-cn/tcf.json","_cacheRoot":"/home/xiaoawei/.vscode-server/data/clp/1d735750dbb1b9066c7513078396ba0f.zh-cn","_resolvedLanguagePackCoreLocation":"/home/xiaoawei/.vscode-server/data/clp/1d735750dbb1b9066c7513078396ba0f.zh-cn/3b889b090b5ad5793f524b5d1d39fda662b96a2a","_corruptedFile":"/home/xiaoawei/.vscode-server/data/clp/1d735750dbb1b9066c7513078396ba0f.zh-cn/corrupted.info","_languagePackSupport":true}
# environment
_ = /usr/bin/make
# makefile (from `makefile', line 1)
MAKEFILE_LIST :=  makefile
# environment
INFOPATH = /opt/rh/devtoolset-8/root/usr/share/info:/opt/rh/devtoolset-8/root/usr/share/info
# environment
PCP_DIR = /opt/rh/devtoolset-8/root
# environment
LESSOPEN = ||/usr/bin/lesspipe.sh %s
# environment
VSCODE_CWD = /home/xiaoawei
# environment
SSH_CONNECTION = 60.22.114.0 3693 10.0.24.10 22
# environment
PATH = /home/xiaoawei/.vscode-server/bin/3b889b090b5ad5793f524b5d1d39fda662b96a2a/bin/remote-cli:/opt/rh/devtoolset-8/root/usr/bin:/opt/rh/devtoolset-8/root/usr/bin:/usr/local/bin:/usr/bin:/usr/local/sbin:/usr/sbin:/home/xiaoawei/.local/bin:/home/xiaoawei/bin
# environment
XDG_RUNTIME_DIR = /run/user/1001
# environment
ELECTRON_RUN_AS_NODE = 1
# default
.FEATURES := target-specific order-only second-expansion else-if shortest-stem undefine oneshell archives jobserver check-symlink
# automatic
%F = $(notdir $%)
# environment
PWD = /home/xiaoawei/online_judge/oj_server
# environment
VSCODE_IPC_HOOK_CLI = /run/user/1001/vscode-ipc-cb703cc5-5395-4538-bd71-6635f0c35135.sock
# automatic
*D = $(patsubst %/,%,$(dir $*))
# environment
PKG_CONFIG_PATH = /opt/rh/devtoolset-8/root/usr/lib64/pkgconfig:/opt/rh/devtoolset-8/root/usr/lib64/pkgconfig
# environment
HISTTIMEFORMAT = %F %T 
# environment
MANPATH = /opt/rh/devtoolset-8/root/usr/share/man:/opt/rh/devtoolset-8/root/usr/share/man:
# environment
VSCODE_AMD_ENTRYPOINT = vs/workbench/api/node/extensionHostProcess
# environment
HOME = /home/xiaoawei
# environment
LD_LIBRARY_PATH = /opt/rh/devtoolset-8/root/usr/lib64:/opt/rh/devtoolset-8/root/usr/lib:/opt/rh/devtoolset-8/root/usr/lib64/dyninst:/opt/rh/devtoolset-8/root/usr/lib/dyninst:/opt/rh/devtoolset-8/root/usr/lib64:/opt/rh/devtoolset-8/root/usr/lib:/opt/rh/devtoolset-8/root/usr/lib64:/opt/rh/devtoolset-8/root/usr/lib:/opt/rh/devtoolset-8/root/usr/lib64/dyninst:/opt/rh/devtoolset-8/root/usr/lib/dyninst:/opt/rh/devtoolset-8/root/usr/lib64:/opt/rh/devtoolset-8/root/usr/lib:/home/xiaoawei/.VimForCpp/vim/bundle/YCM.so/el7.x86_64:/home/xiaoawei/.VimForCpp/vim/bundle/YCM.so/el7.x86_64
# environment
PERL5LIB = /opt/rh/devtoolset-8/root//usr/lib64/perl5/vendor_perl:/opt/rh/devtoolset-8/root/usr/lib/perl5:/opt/rh/devtoolset-8/root//usr/share/perl5/vendor_perl:/opt/rh/devtoolset-8/root//usr/lib64/perl5/vendor_perl:/opt/rh/devtoolset-8/root/usr/lib/perl5:/opt/rh/devtoolset-8/root//usr/share/perl5/vendor_perl
# environment
LOGNAME = xiaoawei
# environment
APPLICATION_INSIGHTS_NO_DIAGNOSTIC_CHANNEL = true
# automatic
+F = $(notdir $+)
# environment
VSCODE_HANDLES_UNCAUGHT_ERRORS = true
# automatic
^D = $(patsubst %/,%,$(dir $^))
# environment
HOSTNAME = VM-24-10-centos
# environment
MAKELEVEL := 0
# default
MAKE = $(MAKE_COMMAND)
# default
MAKECMDGOALS := all
# environment
SHLVL = 5
# environment
XDG_SESSION_ID = 377182
# environment
USER = xiaoawei
# makefile
.DEFAULT_GOAL := oj_server
# automatic
%D = $(patsubst %/,%,$(dir $%))
# default
MAKE_COMMAND := make
# default
.VARIABLES := 
# automatic
*F = $(notdir $*)
# environment
PYTHONPATH = /opt/rh/devtoolset-8/root/usr/lib64/python2.7/site-packages:/opt/rh/devtoolset-8/root/usr/lib/python2.7/site-packages:/opt/rh/devtoolset-8/root/usr/lib64/python2.7/site-packages:/opt/rh/devtoolset-8/root/usr/lib/python2.7/site-packages
# makefile
MAKEFLAGS = Rrqp
# environment
MFLAGS = -Rrqp
# environment
SSH_CLIENT = 60.22.114.0 3693 22
# environment
MAIL = /var/spool/mail/xiaoawei
# automatic
+D = $(patsubst %/,%,$(dir $+))
# environment
BROWSER = /home/xiaoawei/.vscode-server/bin/3b889b090b5ad5793f524b5d1d39fda662b96a2a/bin/helpers/browser.sh
# environment
VSCODE_HANDLES_SIGPIPE = true
# default
MAKEFILES := 
# environment
PROMPT_COMMAND = history -a; history -a; history -a; history -a; 
# automatic
<F = $(notdir $<)
# environment
LC_ALL = C
# automatic
^F = $(notdir $^)
# default
SUFFIXES := 
# environment
HISTSIZE = 3000
# default
.INCLUDE_DIRS = /usr/include /usr/local/include /usr/include
# default
.RECIPEPREFIX := 
# environment
LANG = C
# variable set hash-table stats:
# Load=68/1024=7%, Rehash=0, Collisions=7/90=8%

# Pattern-specific Variable Values

# No pattern-specific variable values.

# Directories

# . (device 64769, inode 1313959): 10 files, no impossibilities.

# 10 files, no impossibilities in 1 directories.

# Implicit Rules

# No implicit rules.

# Files

oj_server: oj_server.cc
#  Implicit rule search has not been done.
#  Modification time never checked.
#  File has not been updated.
#  recipe to execute (from `makefile', line 2):
	g++ -o $@ $^ -std=c++11 -lpthread

# Not a target:
all:
#  Command line target.
#  Implicit rule search has been done.
#  File does not exist.
#  File has not been updated.

.PHONY: clean
#  Implicit rule search has not been done.
#  Modification time never checked.
#  File has not been updated.

# Not a target:
oj_server.cc:
#  Implicit rule search has not been done.
#  Modification time never checked.
#  File has not been updated.

# Not a target:
.SUFFIXES:
#  Implicit rule search has not been done.
#  Modification time never checked.
#  File has not been updated.

# Not a target:
makefile:
#  Implicit rule search has been done.
#  Last modified 2022-07-30 16:16:54.727047288
#  File has been updated.
#  Successfully updated.

# Not a target:
.DEFAULT:
#  Implicit rule search has not been done.
#  Modification time never checked.
#  File has not been updated.

clean:
#  Phony target (prerequisite of .PHONY).
#  Implicit rule search has not been done.
#  File does not exist.
#  File has not been updated.
#  recipe to execute (from `makefile', line 5):
	rm -f oj_server

# files hash-table stats:
# Load=8/1024=1%, Rehash=0, Collisions=0/21=0%
# VPATH Search Paths

# No `vpath' search paths.

# No general (`VPATH' variable) search path.

# # of strings in strcache: 0 / lookups = 27 / hits = 27
# # of strcache buffers: 1 (* 8176 B/buffer = 8176 B)
# strcache used: total = 0 (171) / max = 0 / min = 8176 / avg = 0
# strcache free: total = 0 (8005) / max = 0 / min = 8176 / avg = 0

# strcache hash-table stats:
# Load=18/8192=0%, Rehash=0, Collisions=1/27=4%
# Finished Make data base on Sat Jul 30 20:07:26 2022

 
make: *** No rule to make target `all'.  Stop.

